This is e-upTeX, Version 3.14159265-p3.7.1-u1.22-161114-2.6 (utf8.uptex) (TeX Live 2017/Debian) (preloaded format=uplatex 2018.10.24)  6 NOV 2018 18:01
entering extended mode
 restricted \write18 enabled.
 %&-line parsing enabled.
**excelrepo2.pdf
(./excelrepo2.pdf
pLaTeX2e <2017/10/28u01>+4 (based on LaTeX2e <2017-04-15>)
Babel <3.18> and hyphenation patterns for 84 language(s) loaded.

! LaTeX Error: Missing \begin{document}.

See the LaTeX manual or LaTeX Companion for explanation.
Type  H <return>  for immediate help.
 ...                                              
                                                  
l.3 5
      0 obj
? 
! Interruption.
\GenericError  ...                                
                                                  \endgroup 
l.3 5
      0 obj
? X
 
Here is how much of TeX's memory you used:
 5 strings out of 493636
 58 string characters out of 6150721
 55118 words of memory out of 5000000
 3709 multiletter control sequences out of 15000+600000
 5991 words of font info for 31 fonts, out of 8000000 for 9000
 929 hyphenation exceptions out of 8191
 5i,0n,4p,26b,14s stack positions out of 5000i,500n,10000p,200000b,80000s
No pages of output.
