This is e-upTeX, Version 3.14159265-p3.7.1-u1.22-161114-2.6 (utf8.uptex) (TeX Live 2017/Debian) (preloaded format=uplatex 2018.10.24)  6 NOV 2018 18:01
entering extended mode
 restricted \write18 enabled.
 %&-line parsing enabled.
**excelrepo2.tex
(/usr/share/texlive/texmf-dist/tex/latex/tools/q.tex
! Interruption.
<to be read again> 
                   \begingroup 
l.1 
    %%
? X
 
Here is how much of TeX's memory you used:
 7 strings out of 493636
 165 string characters out of 6150721
 54898 words of memory out of 5000000
 3709 multiletter control sequences out of 15000+600000
 5991 words of font info for 31 fonts, out of 8000000 for 9000
 929 hyphenation exceptions out of 8191
 3i,0n,1p,21b,6s stack positions out of 5000i,500n,10000p,200000b,80000s
No pages of output.
